<?xml version="1.0" encoding="UTF-8"?>
<!-- Generated by org.testng.reporters.JUnitReportReporter -->
<testsuite hostname="LAPTOP-8OHOJ139" failures="0" tests="3" name="stepDefinition.TestNgBasics" time="0.013" errors="0" timestamp="21 Nov 2022 15:53:08 GMT" skipped="0">
  <testcase classname="stepDefinition.TestNgBasics" name="Login2" time="0.003"/>
  <testcase classname="stepDefinition.TestNgBasics" name="Login1" time="0.004"/>
  <testcase classname="stepDefinition.TestNgBasics" name="Login" time="0.006"/>
</testsuite> <!-- stepDefinition.TestNgBasics -->
