<?xml version="1.0" encoding="UTF-8"?>
<!-- Generated by org.testng.reporters.JUnitReportReporter -->
<testsuite hostname="LAPTOP-8OHOJ139" failures="0" tests="3" name="stepDefinition.TestNgBasics" time="0.012" errors="0" timestamp="22 Nov 2022 15:41:09 GMT" skipped="0">
  <testcase classname="stepDefinition.TestNgBasics" name="Login2" time="0.001"/>
  <testcase classname="stepDefinition.TestNgBasics" name="Login1" time="0.002"/>
  <testcase classname="stepDefinition.TestNgBasics" name="Login" time="0.009"/>
</testsuite> <!-- stepDefinition.TestNgBasics -->
